<?xml version="1.0" encoding="UTF-8"?>
<coverage generated="1692970818816" clover="3.2.0">
  <project timestamp="1692970818816" name="All files">
    <metrics statements="33" coveredstatements="24" conditionals="19" coveredconditionals="9" methods="11" coveredmethods="7" elements="63" coveredelements="40" complexity="0" loc="33" ncloc="33" packages="1" files="2" classes="2"/>
    <file name="task.js" path="D:\Module 2 MR W3\To-Do-list\src\modules\task.js">
      <metrics statements="2" coveredstatements="2" conditionals="1" coveredconditionals="1" methods="1" coveredmethods="1"/>
      <line num="3" count="2" type="stmt"/>
      <line num="4" count="2" type="stmt"/>
    </file>
    <file name="ui.js" path="D:\Module 2 MR W3\To-Do-list\src\modules\ui.js">
      <metrics statements="31" coveredstatements="22" conditionals="18" coveredconditionals="8" methods="10" coveredmethods="6"/>
      <line num="5" count="4" type="stmt"/>
      <line num="6" count="4" type="cond" truecount="1" falsecount="1"/>
      <line num="10" count="3" type="stmt"/>
      <line num="14" count="3" type="cond" truecount="2" falsecount="0"/>
      <line num="15" count="2" type="stmt"/>
      <line num="16" count="2" type="stmt"/>
      <line num="17" count="2" type="stmt"/>
      <line num="18" count="2" type="stmt"/>
      <line num="20" count="2" type="stmt"/>
      <line num="21" count="2" type="stmt"/>
      <line num="22" count="2" type="stmt"/>
      <line num="23" count="2" type="stmt"/>
      <line num="28" count="2" type="cond" truecount="4" falsecount="0"/>
      <line num="29" count="1" type="stmt"/>
      <line num="30" count="1" type="stmt"/>
      <line num="31" count="1" type="stmt"/>
      <line num="33" count="1" type="stmt"/>
      <line num="34" count="1" type="stmt"/>
      <line num="35" count="1" type="cond" truecount="1" falsecount="1"/>
      <line num="36" count="1" type="stmt"/>
      <line num="42" count="3" type="stmt"/>
      <line num="43" count="2" type="stmt"/>
      <line num="48" count="0" type="cond" truecount="0" falsecount="4"/>
      <line num="49" count="0" type="stmt"/>
      <line num="50" count="0" type="stmt"/>
      <line num="55" count="0" type="cond" truecount="0" falsecount="4"/>
      <line num="56" count="0" type="stmt"/>
      <line num="57" count="0" type="stmt"/>
      <line num="62" count="0" type="stmt"/>
      <line num="63" count="0" type="stmt"/>
      <line num="64" count="0" type="stmt"/>
    </file>
  </project>
</coverage>
