<?xml version="1.0" encoding="UTF-8"?>
<coverage generated="1692867971706" clover="3.2.0">
  <project timestamp="1692867971706" name="All files">
    <metrics statements="24" coveredstatements="15" conditionals="13" coveredconditionals="4" methods="11" coveredmethods="7" elements="48" coveredelements="26" complexity="0" loc="24" ncloc="24" packages="1" files="2" classes="2"/>
    <file name="task.js" path="/Users/nurkhan/Desktop/Microverse projects/To-Do-list/src/modules/task.js">
      <metrics statements="2" coveredstatements="2" conditionals="1" coveredconditionals="1" methods="1" coveredmethods="1"/>
      <line num="3" count="2" type="stmt"/>
      <line num="4" count="2" type="stmt"/>
    </file>
    <file name="ui.js" path="/Users/nurkhan/Desktop/Microverse projects/To-Do-list/src/modules/ui.js">
      <metrics statements="22" coveredstatements="13" conditionals="12" coveredconditionals="3" methods="10" coveredmethods="6"/>
      <line num="5" count="4" type="stmt"/>
      <line num="6" count="4" type="cond" truecount="1" falsecount="1"/>
      <line num="10" count="4" type="stmt"/>
      <line num="14" count="3" type="cond" truecount="2" falsecount="0"/>
      <line num="15" count="2" type="stmt"/>
      <line num="16" count="2" type="stmt"/>
      <line num="17" count="2" type="stmt"/>
      <line num="18" count="2" type="stmt"/>
      <line num="23" count="2" type="stmt"/>
      <line num="24" count="2" type="stmt"/>
      <line num="25" count="2" type="stmt"/>
      <line num="29" count="4" type="stmt"/>
      <line num="30" count="2" type="stmt"/>
      <line num="35" count="0" type="cond" truecount="0" falsecount="4"/>
      <line num="36" count="0" type="stmt"/>
      <line num="37" count="0" type="stmt"/>
      <line num="42" count="0" type="cond" truecount="0" falsecount="4"/>
      <line num="43" count="0" type="stmt"/>
      <line num="44" count="0" type="stmt"/>
      <line num="49" count="0" type="stmt"/>
      <line num="50" count="0" type="stmt"/>
      <line num="51" count="0" type="stmt"/>
    </file>
  </project>
</coverage>
