TN:
SF:src\modules\task.js
FN:2,(anonymous_0)
FNF:1
FNH:1
FNDA:3,(anonymous_0)
DA:3,3
DA:4,3
LF:2
LH:2
BRDA:2,0,0,3
BRF:1
BRH:1
end_of_record
TN:
SF:src\modules\ui.js
FN:4,(anonymous_0)
FN:9,(anonymous_1)
FN:13,(anonymous_2)
FN:27,(anonymous_3)
FN:41,(anonymous_4)
FN:42,(anonymous_5)
FN:47,(anonymous_6)
FN:54,(anonymous_7)
FN:61,(anonymous_8)
FN:62,(anonymous_9)
FNF:10
FNH:7
FNDA:5,(anonymous_0)
FNDA:5,(anonymous_1)
FNDA:3,(anonymous_2)
FNDA:2,(anonymous_3)
FNDA:3,(anonymous_4)
FNDA:2,(anonymous_5)
FNDA:0,(anonymous_6)
FNDA:1,(anonymous_7)
FNDA:0,(anonymous_8)
FNDA:0,(anonymous_9)
DA:5,5
DA:6,5
DA:10,5
DA:14,3
DA:15,2
DA:16,2
DA:17,2
DA:18,2
DA:20,2
DA:21,2
DA:22,2
DA:23,2
DA:28,2
DA:29,1
DA:30,1
DA:31,1
DA:33,1
DA:34,1
DA:35,1
DA:36,1
DA:42,3
DA:43,2
DA:48,0
DA:49,0
DA:50,0
DA:55,1
DA:56,1
DA:57,1
DA:62,0
DA:63,0
DA:64,0
LF:31
LH:25
BRDA:6,0,0,0
BRDA:6,0,1,5
BRDA:14,1,0,2
BRDA:14,1,1,1
BRDA:28,2,0,1
BRDA:28,2,1,1
BRDA:28,3,0,2
BRDA:28,3,1,1
BRDA:35,4,0,1
BRDA:35,4,1,0
BRDA:48,5,0,0
BRDA:48,5,1,0
BRDA:48,6,0,0
BRDA:48,6,1,0
BRDA:55,7,0,1
BRDA:55,7,1,0
BRDA:55,8,0,1
BRDA:55,8,1,1
BRF:18
BRH:11
end_of_record
